2025-12-05T21:58:08.975+01:00  INFO 12332 --- [mahdi-younes-bank] [main] c.m.bank.MahdiYounesBankApplication      : Starting MahdiYounesBankApplication using Java 17.0.17 with PID 12332 (G:\emsi\5IIR_Project\architecture\mahdi-younes-bank\bank-backend\target\classes started by HP in G:\emsi\5IIR_Project\architecture\mahdi-younes-bank\bank-backend)
2025-12-05T21:58:08.990+01:00  INFO 12332 --- [mahdi-younes-bank] [main] c.m.bank.MahdiYounesBankApplication      : No active profile set, falling back to 1 default profile: "default"
2025-12-05T21:58:10.384+01:00  INFO 12332 --- [mahdi-younes-bank] [main] .s.d.r.c.RepositoryConfigurationDelegate : Bootstrapping Spring Data JPA repositories in DEFAULT mode.
2025-12-05T21:58:10.485+01:00  INFO 12332 --- [mahdi-younes-bank] [main] .s.d.r.c.RepositoryConfigurationDelegate : Finished Spring Data repository scanning in 81 ms. Found 4 JPA repository interfaces.
2025-12-05T21:58:11.374+01:00  INFO 12332 --- [mahdi-younes-bank] [main] o.s.b.w.embedded.tomcat.TomcatWebServer  : Tomcat initialized with port 8080 (http)
2025-12-05T21:58:11.395+01:00  INFO 12332 --- [mahdi-younes-bank] [main] o.apache.catalina.core.StandardService   : Starting service [Tomcat]
2025-12-05T21:58:11.396+01:00  INFO 12332 --- [mahdi-younes-bank] [main] o.apache.catalina.core.StandardEngine    : Starting Servlet engine: [Apache Tomcat/10.1.49]
2025-12-05T21:58:11.471+01:00  INFO 12332 --- [mahdi-younes-bank] [main] o.a.c.c.C.[Tomcat].[localhost].[/]       : Initializing Spring embedded WebApplicationContext
2025-12-05T21:58:11.472+01:00  INFO 12332 --- [mahdi-younes-bank] [main] w.s.c.ServletWebServerApplicationContext : Root WebApplicationContext: initialization completed in 2364 ms
2025-12-05T21:58:11.719+01:00  INFO 12332 --- [mahdi-younes-bank] [main] o.hibernate.jpa.internal.util.LogHelper  : HHH000204: Processing PersistenceUnitInfo [name: default]
2025-12-05T21:58:11.806+01:00  INFO 12332 --- [mahdi-younes-bank] [main] org.hibernate.Version                    : HHH000412: Hibernate ORM core version 6.6.36.Final
2025-12-05T21:58:11.858+01:00  INFO 12332 --- [mahdi-younes-bank] [main] o.h.c.internal.RegionFactoryInitiator    : HHH000026: Second-level cache disabled
2025-12-05T21:58:12.279+01:00  INFO 12332 --- [mahdi-younes-bank] [main] o.s.o.j.p.SpringPersistenceUnitInfo      : No LoadTimeWeaver setup: ignoring JPA class transformer
2025-12-05T21:58:12.321+01:00  INFO 12332 --- [mahdi-younes-bank] [main] com.zaxxer.hikari.HikariDataSource       : HikariPool-1 - Starting...
2025-12-05T21:58:12.863+01:00  INFO 12332 --- [mahdi-younes-bank] [main] com.zaxxer.hikari.pool.HikariPool        : HikariPool-1 - Added connection com.mysql.cj.jdbc.ConnectionImpl@2db461b5
2025-12-05T21:58:12.866+01:00  INFO 12332 --- [mahdi-younes-bank] [main] com.zaxxer.hikari.HikariDataSource       : HikariPool-1 - Start completed.
2025-12-05T21:58:12.954+01:00  WARN 12332 --- [mahdi-younes-bank] [main] org.hibernate.orm.deprecation            : HHH90000025: MySQL8Dialect does not need to be specified explicitly using 'hibernate.dialect' (remove the property setting and it will be selected by default)
2025-12-05T21:58:12.955+01:00  WARN 12332 --- [mahdi-younes-bank] [main] org.hibernate.orm.deprecation            : HHH90000026: MySQL8Dialect has been deprecated; use org.hibernate.dialect.MySQLDialect instead
2025-12-05T21:58:12.990+01:00  INFO 12332 --- [mahdi-younes-bank] [main] org.hibernate.orm.connections.pooling    : HHH10001005: Database info:
	Database JDBC URL [Connecting through datasource 'HikariDataSource (HikariPool-1)']
	Database driver: undefined/unknown
	Database version: 8.0
	Autocommit mode: undefined/unknown
	Isolation level: undefined/unknown
	Minimum pool size: undefined/unknown
	Maximum pool size: undefined/unknown
2025-12-05T21:58:14.688+01:00  INFO 12332 --- [mahdi-younes-bank] [main] o.h.e.t.j.p.i.JtaPlatformInitiator       : HHH000489: No JTA platform available (set 'hibernate.transaction.jta.platform' to enable JTA platform integration)
2025-12-05T21:58:14.869+01:00  INFO 12332 --- [mahdi-younes-bank] [main] j.LocalContainerEntityManagerFactoryBean : Initialized JPA EntityManagerFactory for persistence unit 'default'
2025-12-05T21:58:15.412+01:00  INFO 12332 --- [mahdi-younes-bank] [main] eAuthenticationProviderManagerConfigurer : Global AuthenticationManager configured with AuthenticationProvider bean with name authenticationProvider
2025-12-05T21:58:15.412+01:00  WARN 12332 --- [mahdi-younes-bank] [main] r$InitializeUserDetailsManagerConfigurer : Global AuthenticationManager configured with an AuthenticationProvider bean. UserDetailsService beans will not be used by Spring Security for automatically configuring username/password login. Consider removing the AuthenticationProvider bean. Alternatively, consider using the UserDetailsService in a manually instantiated DaoAuthenticationProvider. If the current configuration is intentional, to turn off this warning, increase the logging level of 'org.springframework.security.config.annotation.authentication.configuration.InitializeUserDetailsBeanManagerConfigurer' to ERROR
2025-12-05T21:58:15.756+01:00  WARN 12332 --- [mahdi-younes-bank] [main] JpaBaseConfiguration$JpaWebConfiguration : spring.jpa.open-in-view is enabled by default. Therefore, database queries may be performed during view rendering. Explicitly configure spring.jpa.open-in-view to disable this warning
2025-12-05T21:58:16.208+01:00 DEBUG 12332 --- [mahdi-younes-bank] [main] o.s.s.web.DefaultSecurityFilterChain     : Will secure any request with filters: DisableEncodeUrlFilter, WebAsyncManagerIntegrationFilter, SecurityContextHolderFilter, HeaderWriterFilter, CorsFilter, LogoutFilter, JwtAuthenticationFilter, RequestCacheAwareFilter, SecurityContextHolderAwareRequestFilter, AnonymousAuthenticationFilter, SessionManagementFilter, ExceptionTranslationFilter, AuthorizationFilter
2025-12-05T21:58:16.624+01:00  INFO 12332 --- [mahdi-younes-bank] [main] o.s.b.w.embedded.tomcat.TomcatWebServer  : Tomcat started on port 8080 (http) with context path '/'
2025-12-05T21:58:16.634+01:00  INFO 12332 --- [mahdi-younes-bank] [main] c.m.bank.MahdiYounesBankApplication      : Started MahdiYounesBankApplication in 8.388 seconds (process running for 15.752)
2025-12-05T21:58:52.988+01:00  INFO 12332 --- [mahdi-younes-bank] [http-nio-8080-exec-1] o.a.c.c.C.[Tomcat].[localhost].[/]       : Initializing Spring DispatcherServlet 'dispatcherServlet'
2025-12-05T21:58:52.988+01:00  INFO 12332 --- [mahdi-younes-bank] [http-nio-8080-exec-1] o.s.web.servlet.DispatcherServlet        : Initializing Servlet 'dispatcherServlet'
2025-12-05T21:58:52.988+01:00  INFO 12332 --- [mahdi-younes-bank] [http-nio-8080-exec-1] o.s.web.servlet.DispatcherServlet        : Completed initialization in 0 ms
2025-12-05T21:58:53.027+01:00 DEBUG 12332 --- [mahdi-younes-bank] [http-nio-8080-exec-1] o.s.security.web.FilterChainProxy        : Securing OPTIONS /api/auth/login
2025-12-05T21:58:53.068+01:00 DEBUG 12332 --- [mahdi-younes-bank] [http-nio-8080-exec-5] o.s.security.web.FilterChainProxy        : Securing POST /api/auth/login
2025-12-05T21:58:53.083+01:00 DEBUG 12332 --- [mahdi-younes-bank] [http-nio-8080-exec-5] o.s.s.w.a.AnonymousAuthenticationFilter  : Set SecurityContextHolder to anonymous SecurityContext
2025-12-05T21:58:53.083+01:00 DEBUG 12332 --- [mahdi-younes-bank] [http-nio-8080-exec-5] o.s.security.web.FilterChainProxy        : Secured POST /api/auth/login
2025-12-05T21:58:53.913+01:00 DEBUG 12332 --- [mahdi-younes-bank] [http-nio-8080-exec-5] o.s.s.a.dao.DaoAuthenticationProvider    : Failed to authenticate since password does not match stored value
2025-12-05T21:58:53.915+01:00 DEBUG 12332 --- [mahdi-younes-bank] [http-nio-8080-exec-5] o.s.s.authentication.ProviderManager     : Authentication failed with provider DaoAuthenticationProvider since Bad credentials
2025-12-05T21:59:05.488+01:00 DEBUG 12332 --- [mahdi-younes-bank] [http-nio-8080-exec-3] o.s.security.web.FilterChainProxy        : Securing OPTIONS /api/auth/login
2025-12-05T21:59:05.494+01:00 DEBUG 12332 --- [mahdi-younes-bank] [http-nio-8080-exec-4] o.s.security.web.FilterChainProxy        : Securing POST /api/auth/login
2025-12-05T21:59:05.494+01:00 DEBUG 12332 --- [mahdi-younes-bank] [http-nio-8080-exec-4] o.s.s.w.a.AnonymousAuthenticationFilter  : Set SecurityContextHolder to anonymous SecurityContext
2025-12-05T21:59:05.494+01:00 DEBUG 12332 --- [mahdi-younes-bank] [http-nio-8080-exec-4] o.s.security.web.FilterChainProxy        : Secured POST /api/auth/login
2025-12-05T21:59:05.633+01:00 DEBUG 12332 --- [mahdi-younes-bank] [http-nio-8080-exec-4] o.s.s.a.dao.DaoAuthenticationProvider    : Failed to find user 'qdffq'
2025-12-05T21:59:05.633+01:00 DEBUG 12332 --- [mahdi-younes-bank] [http-nio-8080-exec-4] o.s.s.authentication.ProviderManager     : Authentication failed with provider DaoAuthenticationProvider since Bad credentials
2025-12-05T21:59:20.251+01:00 DEBUG 12332 --- [mahdi-younes-bank] [http-nio-8080-exec-2] o.s.security.web.FilterChainProxy        : Securing OPTIONS /api/auth/login
2025-12-05T21:59:20.258+01:00 DEBUG 12332 --- [mahdi-younes-bank] [http-nio-8080-exec-6] o.s.security.web.FilterChainProxy        : Securing POST /api/auth/login
2025-12-05T21:59:20.258+01:00 DEBUG 12332 --- [mahdi-younes-bank] [http-nio-8080-exec-6] o.s.s.w.a.AnonymousAuthenticationFilter  : Set SecurityContextHolder to anonymous SecurityContext
2025-12-05T21:59:20.258+01:00 DEBUG 12332 --- [mahdi-younes-bank] [http-nio-8080-exec-6] o.s.security.web.FilterChainProxy        : Secured POST /api/auth/login
2025-12-05T21:59:20.357+01:00 DEBUG 12332 --- [mahdi-younes-bank] [http-nio-8080-exec-6] o.s.s.a.dao.DaoAuthenticationProvider    : Failed to find user 'WV'
2025-12-05T21:59:20.357+01:00 DEBUG 12332 --- [mahdi-younes-bank] [http-nio-8080-exec-6] o.s.s.authentication.ProviderManager     : Authentication failed with provider DaoAuthenticationProvider since Bad credentials
2025-12-05T22:00:27.028+01:00 DEBUG 12332 --- [mahdi-younes-bank] [http-nio-8080-exec-8] o.s.security.web.FilterChainProxy        : Securing OPTIONS /api/auth/login
2025-12-05T22:00:27.030+01:00 DEBUG 12332 --- [mahdi-younes-bank] [http-nio-8080-exec-9] o.s.security.web.FilterChainProxy        : Securing POST /api/auth/login
2025-12-05T22:00:27.036+01:00 DEBUG 12332 --- [mahdi-younes-bank] [http-nio-8080-exec-9] o.s.s.w.a.AnonymousAuthenticationFilter  : Set SecurityContextHolder to anonymous SecurityContext
2025-12-05T22:00:27.037+01:00 DEBUG 12332 --- [mahdi-younes-bank] [http-nio-8080-exec-9] o.s.security.web.FilterChainProxy        : Secured POST /api/auth/login
2025-12-05T22:00:27.207+01:00 DEBUG 12332 --- [mahdi-younes-bank] [http-nio-8080-exec-9] o.s.s.a.dao.DaoAuthenticationProvider    : Authenticated user
2025-12-05T22:00:27.357+01:00 DEBUG 12332 --- [mahdi-younes-bank] [http-nio-8080-exec-10] o.s.security.web.FilterChainProxy        : Securing OPTIONS /api/statistics
2025-12-05T22:00:27.364+01:00 DEBUG 12332 --- [mahdi-younes-bank] [http-nio-8080-exec-1] o.s.security.web.FilterChainProxy        : Securing OPTIONS /api/statistics
2025-12-05T22:00:27.365+01:00 DEBUG 12332 --- [mahdi-younes-bank] [http-nio-8080-exec-5] o.s.security.web.FilterChainProxy        : Securing GET /api/statistics
2025-12-05T22:00:27.492+01:00 DEBUG 12332 --- [mahdi-younes-bank] [http-nio-8080-exec-5] o.s.security.web.FilterChainProxy        : Secured GET /api/statistics
2025-12-05T22:00:27.494+01:00 DEBUG 12332 --- [mahdi-younes-bank] [http-nio-8080-exec-5] horizationManagerBeforeMethodInterceptor : Authorizing method invocation ReflectiveMethodInvocation: public org.springframework.http.ResponseEntity com.mahdiyounes.bank.controller.StatisticsController.getStatistics(); target is of class [com.mahdiyounes.bank.controller.StatisticsController]
2025-12-05T22:00:27.548+01:00 DEBUG 12332 --- [mahdi-younes-bank] [http-nio-8080-exec-5] horizationManagerBeforeMethodInterceptor : Authorized method invocation ReflectiveMethodInvocation: public org.springframework.http.ResponseEntity com.mahdiyounes.bank.controller.StatisticsController.getStatistics(); target is of class [com.mahdiyounes.bank.controller.StatisticsController]
2025-12-05T22:00:28.022+01:00 DEBUG 12332 --- [mahdi-younes-bank] [http-nio-8080-exec-3] o.s.security.web.FilterChainProxy        : Securing GET /api/statistics
2025-12-05T22:00:28.036+01:00 DEBUG 12332 --- [mahdi-younes-bank] [http-nio-8080-exec-3] o.s.security.web.FilterChainProxy        : Secured GET /api/statistics
2025-12-05T22:00:28.037+01:00 DEBUG 12332 --- [mahdi-younes-bank] [http-nio-8080-exec-3] horizationManagerBeforeMethodInterceptor : Authorizing method invocation ReflectiveMethodInvocation: public org.springframework.http.ResponseEntity com.mahdiyounes.bank.controller.StatisticsController.getStatistics(); target is of class [com.mahdiyounes.bank.controller.StatisticsController]
2025-12-05T22:00:28.037+01:00 DEBUG 12332 --- [mahdi-younes-bank] [http-nio-8080-exec-3] horizationManagerBeforeMethodInterceptor : Authorized method invocation ReflectiveMethodInvocation: public org.springframework.http.ResponseEntity com.mahdiyounes.bank.controller.StatisticsController.getStatistics(); target is of class [com.mahdiyounes.bank.controller.StatisticsController]
2025-12-05T22:00:52.436+01:00 DEBUG 12332 --- [mahdi-younes-bank] [http-nio-8080-exec-4] o.s.security.web.FilterChainProxy        : Securing OPTIONS /api/auth/login
2025-12-05T22:00:52.440+01:00 DEBUG 12332 --- [mahdi-younes-bank] [http-nio-8080-exec-2] o.s.security.web.FilterChainProxy        : Securing POST /api/auth/login
2025-12-05T22:00:52.441+01:00 DEBUG 12332 --- [mahdi-younes-bank] [http-nio-8080-exec-2] o.s.s.w.a.AnonymousAuthenticationFilter  : Set SecurityContextHolder to anonymous SecurityContext
2025-12-05T22:00:52.442+01:00 DEBUG 12332 --- [mahdi-younes-bank] [http-nio-8080-exec-2] o.s.security.web.FilterChainProxy        : Secured POST /api/auth/login
2025-12-05T22:00:52.535+01:00 DEBUG 12332 --- [mahdi-younes-bank] [http-nio-8080-exec-2] o.s.s.a.dao.DaoAuthenticationProvider    : Authenticated user
2025-12-05T22:00:52.582+01:00 DEBUG 12332 --- [mahdi-younes-bank] [http-nio-8080-exec-6] o.s.security.web.FilterChainProxy        : Securing OPTIONS /api/statistics
2025-12-05T22:00:52.584+01:00 DEBUG 12332 --- [mahdi-younes-bank] [http-nio-8080-exec-7] o.s.security.web.FilterChainProxy        : Securing OPTIONS /api/statistics
2025-12-05T22:00:52.587+01:00 DEBUG 12332 --- [mahdi-younes-bank] [http-nio-8080-exec-8] o.s.security.web.FilterChainProxy        : Securing GET /api/statistics
2025-12-05T22:00:52.601+01:00 DEBUG 12332 --- [mahdi-younes-bank] [http-nio-8080-exec-8] o.s.security.web.FilterChainProxy        : Secured GET /api/statistics
2025-12-05T22:00:52.603+01:00 DEBUG 12332 --- [mahdi-younes-bank] [http-nio-8080-exec-8] horizationManagerBeforeMethodInterceptor : Authorizing method invocation ReflectiveMethodInvocation: public org.springframework.http.ResponseEntity com.mahdiyounes.bank.controller.StatisticsController.getStatistics(); target is of class [com.mahdiyounes.bank.controller.StatisticsController]
2025-12-05T22:00:52.604+01:00 DEBUG 12332 --- [mahdi-younes-bank] [http-nio-8080-exec-8] horizationManagerBeforeMethodInterceptor : Authorized method invocation ReflectiveMethodInvocation: public org.springframework.http.ResponseEntity com.mahdiyounes.bank.controller.StatisticsController.getStatistics(); target is of class [com.mahdiyounes.bank.controller.StatisticsController]
2025-12-05T22:00:52.628+01:00 DEBUG 12332 --- [mahdi-younes-bank] [http-nio-8080-exec-9] o.s.security.web.FilterChainProxy        : Securing GET /api/statistics
2025-12-05T22:00:52.653+01:00 DEBUG 12332 --- [mahdi-younes-bank] [http-nio-8080-exec-9] o.s.security.web.FilterChainProxy        : Secured GET /api/statistics
2025-12-05T22:00:52.654+01:00 DEBUG 12332 --- [mahdi-younes-bank] [http-nio-8080-exec-9] horizationManagerBeforeMethodInterceptor : Authorizing method invocation ReflectiveMethodInvocation: public org.springframework.http.ResponseEntity com.mahdiyounes.bank.controller.StatisticsController.getStatistics(); target is of class [com.mahdiyounes.bank.controller.StatisticsController]
2025-12-05T22:00:52.655+01:00 DEBUG 12332 --- [mahdi-younes-bank] [http-nio-8080-exec-9] horizationManagerBeforeMethodInterceptor : Authorized method invocation ReflectiveMethodInvocation: public org.springframework.http.ResponseEntity com.mahdiyounes.bank.controller.StatisticsController.getStatistics(); target is of class [com.mahdiyounes.bank.controller.StatisticsController]
2025-12-05T22:02:55.038+01:00 DEBUG 12332 --- [mahdi-younes-bank] [http-nio-8080-exec-2] o.s.security.web.FilterChainProxy        : Securing OPTIONS /api/clients
2025-12-05T22:02:55.038+01:00 DEBUG 12332 --- [mahdi-younes-bank] [http-nio-8080-exec-4] o.s.security.web.FilterChainProxy        : Securing OPTIONS /api/clients
2025-12-05T22:02:55.043+01:00 DEBUG 12332 --- [mahdi-younes-bank] [http-nio-8080-exec-6] o.s.security.web.FilterChainProxy        : Securing GET /api/clients
2025-12-05T22:02:55.060+01:00 DEBUG 12332 --- [mahdi-younes-bank] [http-nio-8080-exec-6] o.s.security.web.FilterChainProxy        : Secured GET /api/clients
2025-12-05T22:02:55.061+01:00 DEBUG 12332 --- [mahdi-younes-bank] [http-nio-8080-exec-6] horizationManagerBeforeMethodInterceptor : Authorizing method invocation ReflectiveMethodInvocation: public org.springframework.http.ResponseEntity com.mahdiyounes.bank.controller.ClientController.getAllClients(); target is of class [com.mahdiyounes.bank.controller.ClientController]
2025-12-05T22:02:55.062+01:00 DEBUG 12332 --- [mahdi-younes-bank] [http-nio-8080-exec-6] horizationManagerBeforeMethodInterceptor : Authorized method invocation ReflectiveMethodInvocation: public org.springframework.http.ResponseEntity com.mahdiyounes.bank.controller.ClientController.getAllClients(); target is of class [com.mahdiyounes.bank.controller.ClientController]
2025-12-05T22:02:55.098+01:00 DEBUG 12332 --- [mahdi-younes-bank] [http-nio-8080-exec-7] o.s.security.web.FilterChainProxy        : Securing GET /api/clients
2025-12-05T22:02:55.110+01:00 DEBUG 12332 --- [mahdi-younes-bank] [http-nio-8080-exec-7] o.s.security.web.FilterChainProxy        : Secured GET /api/clients
2025-12-05T22:02:55.111+01:00 DEBUG 12332 --- [mahdi-younes-bank] [http-nio-8080-exec-7] horizationManagerBeforeMethodInterceptor : Authorizing method invocation ReflectiveMethodInvocation: public org.springframework.http.ResponseEntity com.mahdiyounes.bank.controller.ClientController.getAllClients(); target is of class [com.mahdiyounes.bank.controller.ClientController]
2025-12-05T22:02:55.111+01:00 DEBUG 12332 --- [mahdi-younes-bank] [http-nio-8080-exec-7] horizationManagerBeforeMethodInterceptor : Authorized method invocation ReflectiveMethodInvocation: public org.springframework.http.ResponseEntity com.mahdiyounes.bank.controller.ClientController.getAllClients(); target is of class [com.mahdiyounes.bank.controller.ClientController]
2025-12-05T22:04:33.451+01:00 DEBUG 12332 --- [mahdi-younes-bank] [http-nio-8080-exec-10] o.s.security.web.FilterChainProxy        : Securing OPTIONS /api/clients
2025-12-05T22:04:33.451+01:00 DEBUG 12332 --- [mahdi-younes-bank] [http-nio-8080-exec-1] o.s.security.web.FilterChainProxy        : Securing OPTIONS /api/clients
2025-12-05T22:04:33.458+01:00 DEBUG 12332 --- [mahdi-younes-bank] [http-nio-8080-exec-5] o.s.security.web.FilterChainProxy        : Securing GET /api/clients
2025-12-05T22:04:33.479+01:00 DEBUG 12332 --- [mahdi-younes-bank] [http-nio-8080-exec-5] o.s.security.web.FilterChainProxy        : Secured GET /api/clients
2025-12-05T22:04:33.481+01:00 DEBUG 12332 --- [mahdi-younes-bank] [http-nio-8080-exec-5] horizationManagerBeforeMethodInterceptor : Authorizing method invocation ReflectiveMethodInvocation: public org.springframework.http.ResponseEntity com.mahdiyounes.bank.controller.ClientController.getAllClients(); target is of class [com.mahdiyounes.bank.controller.ClientController]
2025-12-05T22:04:33.482+01:00 DEBUG 12332 --- [mahdi-younes-bank] [http-nio-8080-exec-5] horizationManagerBeforeMethodInterceptor : Authorized method invocation ReflectiveMethodInvocation: public org.springframework.http.ResponseEntity com.mahdiyounes.bank.controller.ClientController.getAllClients(); target is of class [com.mahdiyounes.bank.controller.ClientController]
2025-12-05T22:04:33.504+01:00 DEBUG 12332 --- [mahdi-younes-bank] [http-nio-8080-exec-3] o.s.security.web.FilterChainProxy        : Securing GET /api/clients
2025-12-05T22:04:33.520+01:00 DEBUG 12332 --- [mahdi-younes-bank] [http-nio-8080-exec-3] o.s.security.web.FilterChainProxy        : Secured GET /api/clients
2025-12-05T22:04:33.523+01:00 DEBUG 12332 --- [mahdi-younes-bank] [http-nio-8080-exec-3] horizationManagerBeforeMethodInterceptor : Authorizing method invocation ReflectiveMethodInvocation: public org.springframework.http.ResponseEntity com.mahdiyounes.bank.controller.ClientController.getAllClients(); target is of class [com.mahdiyounes.bank.controller.ClientController]
2025-12-05T22:04:33.523+01:00 DEBUG 12332 --- [mahdi-younes-bank] [http-nio-8080-exec-3] horizationManagerBeforeMethodInterceptor : Authorized method invocation ReflectiveMethodInvocation: public org.springframework.http.ResponseEntity com.mahdiyounes.bank.controller.ClientController.getAllClients(); target is of class [com.mahdiyounes.bank.controller.ClientController]
2025-12-05T22:04:34.023+01:00 DEBUG 12332 --- [mahdi-younes-bank] [http-nio-8080-exec-2] o.s.security.web.FilterChainProxy        : Securing OPTIONS /api/comptes
2025-12-05T22:04:34.024+01:00 DEBUG 12332 --- [mahdi-younes-bank] [http-nio-8080-exec-4] o.s.security.web.FilterChainProxy        : Securing OPTIONS /api/comptes
2025-12-05T22:04:34.026+01:00 DEBUG 12332 --- [mahdi-younes-bank] [http-nio-8080-exec-6] o.s.security.web.FilterChainProxy        : Securing GET /api/comptes
2025-12-05T22:04:34.036+01:00 DEBUG 12332 --- [mahdi-younes-bank] [http-nio-8080-exec-6] o.s.security.web.FilterChainProxy        : Secured GET /api/comptes
2025-12-05T22:04:34.037+01:00 DEBUG 12332 --- [mahdi-younes-bank] [http-nio-8080-exec-6] horizationManagerBeforeMethodInterceptor : Authorizing method invocation ReflectiveMethodInvocation: public org.springframework.http.ResponseEntity com.mahdiyounes.bank.controller.CompteBancaireController.getAllComptes(); target is of class [com.mahdiyounes.bank.controller.CompteBancaireController]
2025-12-05T22:04:34.038+01:00 DEBUG 12332 --- [mahdi-younes-bank] [http-nio-8080-exec-6] horizationManagerBeforeMethodInterceptor : Authorized method invocation ReflectiveMethodInvocation: public org.springframework.http.ResponseEntity com.mahdiyounes.bank.controller.CompteBancaireController.getAllComptes(); target is of class [com.mahdiyounes.bank.controller.CompteBancaireController]
2025-12-05T22:04:34.062+01:00 DEBUG 12332 --- [mahdi-younes-bank] [http-nio-8080-exec-7] o.s.security.web.FilterChainProxy        : Securing GET /api/comptes
2025-12-05T22:04:34.068+01:00 DEBUG 12332 --- [mahdi-younes-bank] [http-nio-8080-exec-7] o.s.security.web.FilterChainProxy        : Secured GET /api/comptes
2025-12-05T22:04:34.068+01:00 DEBUG 12332 --- [mahdi-younes-bank] [http-nio-8080-exec-7] horizationManagerBeforeMethodInterceptor : Authorizing method invocation ReflectiveMethodInvocation: public org.springframework.http.ResponseEntity com.mahdiyounes.bank.controller.CompteBancaireController.getAllComptes(); target is of class [com.mahdiyounes.bank.controller.CompteBancaireController]
2025-12-05T22:04:34.068+01:00 DEBUG 12332 --- [mahdi-younes-bank] [http-nio-8080-exec-7] horizationManagerBeforeMethodInterceptor : Authorized method invocation ReflectiveMethodInvocation: public org.springframework.http.ResponseEntity com.mahdiyounes.bank.controller.CompteBancaireController.getAllComptes(); target is of class [com.mahdiyounes.bank.controller.CompteBancaireController]
2025-12-05T22:05:04.210+01:00 DEBUG 12332 --- [mahdi-younes-bank] [http-nio-8080-exec-8] o.s.security.web.FilterChainProxy        : Securing OPTIONS /api/clients/numero-identite/123
2025-12-05T22:05:04.215+01:00 DEBUG 12332 --- [mahdi-younes-bank] [http-nio-8080-exec-9] o.s.security.web.FilterChainProxy        : Securing GET /api/clients/numero-identite/123
2025-12-05T22:05:04.226+01:00 DEBUG 12332 --- [mahdi-younes-bank] [http-nio-8080-exec-9] o.s.security.web.FilterChainProxy        : Secured GET /api/clients/numero-identite/123
2025-12-05T22:05:04.232+01:00 DEBUG 12332 --- [mahdi-younes-bank] [http-nio-8080-exec-9] horizationManagerBeforeMethodInterceptor : Authorizing method invocation ReflectiveMethodInvocation: public org.springframework.http.ResponseEntity com.mahdiyounes.bank.controller.ClientController.getClientByNumeroIdentite(java.lang.String); target is of class [com.mahdiyounes.bank.controller.ClientController]
2025-12-05T22:05:04.233+01:00 DEBUG 12332 --- [mahdi-younes-bank] [http-nio-8080-exec-9] horizationManagerBeforeMethodInterceptor : Authorized method invocation ReflectiveMethodInvocation: public org.springframework.http.ResponseEntity com.mahdiyounes.bank.controller.ClientController.getClientByNumeroIdentite(java.lang.String); target is of class [com.mahdiyounes.bank.controller.ClientController]
2025-12-05T22:06:50.759+01:00 DEBUG 12332 --- [mahdi-younes-bank] [http-nio-8080-exec-5] o.s.security.web.FilterChainProxy        : Securing OPTIONS /api/auth/login
2025-12-05T22:06:50.766+01:00 DEBUG 12332 --- [mahdi-younes-bank] [http-nio-8080-exec-3] o.s.security.web.FilterChainProxy        : Securing POST /api/auth/login
2025-12-05T22:06:50.767+01:00 DEBUG 12332 --- [mahdi-younes-bank] [http-nio-8080-exec-3] o.s.s.w.a.AnonymousAuthenticationFilter  : Set SecurityContextHolder to anonymous SecurityContext
2025-12-05T22:06:50.767+01:00 DEBUG 12332 --- [mahdi-younes-bank] [http-nio-8080-exec-3] o.s.security.web.FilterChainProxy        : Secured POST /api/auth/login
2025-12-05T22:06:50.897+01:00 DEBUG 12332 --- [mahdi-younes-bank] [http-nio-8080-exec-3] o.s.s.a.dao.DaoAuthenticationProvider    : Authenticated user
2025-12-05T22:06:50.938+01:00 DEBUG 12332 --- [mahdi-younes-bank] [http-nio-8080-exec-2] o.s.security.web.FilterChainProxy        : Securing OPTIONS /api/dashboard/mes-comptes
2025-12-05T22:06:50.941+01:00 DEBUG 12332 --- [mahdi-younes-bank] [http-nio-8080-exec-4] o.s.security.web.FilterChainProxy        : Securing OPTIONS /api/dashboard/mes-comptes
2025-12-05T22:06:50.943+01:00 DEBUG 12332 --- [mahdi-younes-bank] [http-nio-8080-exec-6] o.s.security.web.FilterChainProxy        : Securing GET /api/dashboard/mes-comptes
2025-12-05T22:06:50.954+01:00 DEBUG 12332 --- [mahdi-younes-bank] [http-nio-8080-exec-6] o.s.security.web.FilterChainProxy        : Secured GET /api/dashboard/mes-comptes
2025-12-05T22:06:50.954+01:00 DEBUG 12332 --- [mahdi-younes-bank] [http-nio-8080-exec-6] horizationManagerBeforeMethodInterceptor : Authorizing method invocation ReflectiveMethodInvocation: public org.springframework.http.ResponseEntity com.mahdiyounes.bank.controller.DashboardController.getMesComptes(); target is of class [com.mahdiyounes.bank.controller.DashboardController]
2025-12-05T22:06:50.955+01:00 DEBUG 12332 --- [mahdi-younes-bank] [http-nio-8080-exec-6] horizationManagerBeforeMethodInterceptor : Authorized method invocation ReflectiveMethodInvocation: public org.springframework.http.ResponseEntity com.mahdiyounes.bank.controller.DashboardController.getMesComptes(); target is of class [com.mahdiyounes.bank.controller.DashboardController]
2025-12-05T22:06:50.990+01:00 DEBUG 12332 --- [mahdi-younes-bank] [http-nio-8080-exec-7] o.s.security.web.FilterChainProxy        : Securing GET /api/dashboard/mes-comptes
2025-12-05T22:06:51.016+01:00 DEBUG 12332 --- [mahdi-younes-bank] [http-nio-8080-exec-7] o.s.security.web.FilterChainProxy        : Secured GET /api/dashboard/mes-comptes
2025-12-05T22:06:51.016+01:00 DEBUG 12332 --- [mahdi-younes-bank] [http-nio-8080-exec-7] horizationManagerBeforeMethodInterceptor : Authorizing method invocation ReflectiveMethodInvocation: public org.springframework.http.ResponseEntity com.mahdiyounes.bank.controller.DashboardController.getMesComptes(); target is of class [com.mahdiyounes.bank.controller.DashboardController]
2025-12-05T22:06:51.016+01:00 DEBUG 12332 --- [mahdi-younes-bank] [http-nio-8080-exec-7] horizationManagerBeforeMethodInterceptor : Authorized method invocation ReflectiveMethodInvocation: public org.springframework.http.ResponseEntity com.mahdiyounes.bank.controller.DashboardController.getMesComptes(); target is of class [com.mahdiyounes.bank.controller.DashboardController]
2025-12-05T22:06:51.039+01:00 DEBUG 12332 --- [mahdi-younes-bank] [http-nio-8080-exec-8] o.s.security.web.FilterChainProxy        : Securing OPTIONS /api/dashboard
2025-12-05T22:06:51.047+01:00 DEBUG 12332 --- [mahdi-younes-bank] [http-nio-8080-exec-9] o.s.security.web.FilterChainProxy        : Securing GET /api/dashboard
2025-12-05T22:06:51.064+01:00 DEBUG 12332 --- [mahdi-younes-bank] [http-nio-8080-exec-9] o.s.security.web.FilterChainProxy        : Secured GET /api/dashboard
2025-12-05T22:06:51.064+01:00 DEBUG 12332 --- [mahdi-younes-bank] [http-nio-8080-exec-9] horizationManagerBeforeMethodInterceptor : Authorizing method invocation ReflectiveMethodInvocation: public org.springframework.http.ResponseEntity com.mahdiyounes.bank.controller.DashboardController.getDashboardDefault(); target is of class [com.mahdiyounes.bank.controller.DashboardController]
2025-12-05T22:06:51.068+01:00 DEBUG 12332 --- [mahdi-younes-bank] [http-nio-8080-exec-9] horizationManagerBeforeMethodInterceptor : Authorized method invocation ReflectiveMethodInvocation: public org.springframework.http.ResponseEntity com.mahdiyounes.bank.controller.DashboardController.getDashboardDefault(); target is of class [com.mahdiyounes.bank.controller.DashboardController]
2025-12-05T22:06:51.120+01:00 DEBUG 12332 --- [mahdi-younes-bank] [http-nio-8080-exec-9] o.s.security.web.FilterChainProxy        : Securing GET /api/dashboard
2025-12-05T22:06:51.135+01:00 DEBUG 12332 --- [mahdi-younes-bank] [http-nio-8080-exec-9] o.s.security.web.FilterChainProxy        : Secured GET /api/dashboard
2025-12-05T22:06:51.135+01:00 DEBUG 12332 --- [mahdi-younes-bank] [http-nio-8080-exec-9] horizationManagerBeforeMethodInterceptor : Authorizing method invocation ReflectiveMethodInvocation: public org.springframework.http.ResponseEntity com.mahdiyounes.bank.controller.DashboardController.getDashboardDefault(); target is of class [com.mahdiyounes.bank.controller.DashboardController]
2025-12-05T22:06:51.136+01:00 DEBUG 12332 --- [mahdi-younes-bank] [http-nio-8080-exec-9] horizationManagerBeforeMethodInterceptor : Authorized method invocation ReflectiveMethodInvocation: public org.springframework.http.ResponseEntity com.mahdiyounes.bank.controller.DashboardController.getDashboardDefault(); target is of class [com.mahdiyounes.bank.controller.DashboardController]
2025-12-05T22:06:51.175+01:00 DEBUG 12332 --- [mahdi-younes-bank] [http-nio-8080-exec-1] o.s.security.web.FilterChainProxy        : Securing OPTIONS /api/dashboard/001230001234567890123456
2025-12-05T22:06:51.183+01:00 DEBUG 12332 --- [mahdi-younes-bank] [http-nio-8080-exec-5] o.s.security.web.FilterChainProxy        : Securing GET /api/dashboard/001230001234567890123456
2025-12-05T22:06:51.195+01:00 DEBUG 12332 --- [mahdi-younes-bank] [http-nio-8080-exec-5] o.s.security.web.FilterChainProxy        : Secured GET /api/dashboard/001230001234567890123456
2025-12-05T22:06:51.197+01:00 DEBUG 12332 --- [mahdi-younes-bank] [http-nio-8080-exec-5] horizationManagerBeforeMethodInterceptor : Authorizing method invocation ReflectiveMethodInvocation: public org.springframework.http.ResponseEntity com.mahdiyounes.bank.controller.DashboardController.getDashboard(java.lang.String); target is of class [com.mahdiyounes.bank.controller.DashboardController]
2025-12-05T22:06:51.198+01:00 DEBUG 12332 --- [mahdi-younes-bank] [http-nio-8080-exec-5] horizationManagerBeforeMethodInterceptor : Authorized method invocation ReflectiveMethodInvocation: public org.springframework.http.ResponseEntity com.mahdiyounes.bank.controller.DashboardController.getDashboard(java.lang.String); target is of class [com.mahdiyounes.bank.controller.DashboardController]
2025-12-05T22:06:56.355+01:00 DEBUG 12332 --- [mahdi-younes-bank] [http-nio-8080-exec-2] o.s.security.web.FilterChainProxy        : Securing OPTIONS /api/dashboard/mes-comptes
2025-12-05T22:06:56.355+01:00 DEBUG 12332 --- [mahdi-younes-bank] [http-nio-8080-exec-3] o.s.security.web.FilterChainProxy        : Securing OPTIONS /api/dashboard/mes-comptes
2025-12-05T22:06:56.360+01:00 DEBUG 12332 --- [mahdi-younes-bank] [http-nio-8080-exec-4] o.s.security.web.FilterChainProxy        : Securing GET /api/dashboard/mes-comptes
2025-12-05T22:06:56.370+01:00 DEBUG 12332 --- [mahdi-younes-bank] [http-nio-8080-exec-4] o.s.security.web.FilterChainProxy        : Secured GET /api/dashboard/mes-comptes
2025-12-05T22:06:56.371+01:00 DEBUG 12332 --- [mahdi-younes-bank] [http-nio-8080-exec-4] horizationManagerBeforeMethodInterceptor : Authorizing method invocation ReflectiveMethodInvocation: public org.springframework.http.ResponseEntity com.mahdiyounes.bank.controller.DashboardController.getMesComptes(); target is of class [com.mahdiyounes.bank.controller.DashboardController]
2025-12-05T22:06:56.371+01:00 DEBUG 12332 --- [mahdi-younes-bank] [http-nio-8080-exec-4] horizationManagerBeforeMethodInterceptor : Authorized method invocation ReflectiveMethodInvocation: public org.springframework.http.ResponseEntity com.mahdiyounes.bank.controller.DashboardController.getMesComptes(); target is of class [com.mahdiyounes.bank.controller.DashboardController]
2025-12-05T22:06:56.384+01:00 DEBUG 12332 --- [mahdi-younes-bank] [http-nio-8080-exec-6] o.s.security.web.FilterChainProxy        : Securing GET /api/dashboard/mes-comptes
2025-12-05T22:06:56.402+01:00 DEBUG 12332 --- [mahdi-younes-bank] [http-nio-8080-exec-6] o.s.security.web.FilterChainProxy        : Secured GET /api/dashboard/mes-comptes
2025-12-05T22:06:56.404+01:00 DEBUG 12332 --- [mahdi-younes-bank] [http-nio-8080-exec-6] horizationManagerBeforeMethodInterceptor : Authorizing method invocation ReflectiveMethodInvocation: public org.springframework.http.ResponseEntity com.mahdiyounes.bank.controller.DashboardController.getMesComptes(); target is of class [com.mahdiyounes.bank.controller.DashboardController]
2025-12-05T22:06:56.404+01:00 DEBUG 12332 --- [mahdi-younes-bank] [http-nio-8080-exec-6] horizationManagerBeforeMethodInterceptor : Authorized method invocation ReflectiveMethodInvocation: public org.springframework.http.ResponseEntity com.mahdiyounes.bank.controller.DashboardController.getMesComptes(); target is of class [com.mahdiyounes.bank.controller.DashboardController]
2025-12-05T22:07:04.385+01:00 DEBUG 12332 --- [mahdi-younes-bank] [http-nio-8080-exec-8] o.s.security.web.FilterChainProxy        : Securing OPTIONS /api/dashboard/mes-comptes
2025-12-05T22:07:04.385+01:00 DEBUG 12332 --- [mahdi-younes-bank] [http-nio-8080-exec-7] o.s.security.web.FilterChainProxy        : Securing OPTIONS /api/dashboard/mes-comptes
2025-12-05T22:07:04.391+01:00 DEBUG 12332 --- [mahdi-younes-bank] [http-nio-8080-exec-10] o.s.security.web.FilterChainProxy        : Securing GET /api/dashboard/mes-comptes
2025-12-05T22:07:04.403+01:00 DEBUG 12332 --- [mahdi-younes-bank] [http-nio-8080-exec-10] o.s.security.web.FilterChainProxy        : Secured GET /api/dashboard/mes-comptes
2025-12-05T22:07:04.404+01:00 DEBUG 12332 --- [mahdi-younes-bank] [http-nio-8080-exec-10] horizationManagerBeforeMethodInterceptor : Authorizing method invocation ReflectiveMethodInvocation: public org.springframework.http.ResponseEntity com.mahdiyounes.bank.controller.DashboardController.getMesComptes(); target is of class [com.mahdiyounes.bank.controller.DashboardController]
2025-12-05T22:07:04.404+01:00 DEBUG 12332 --- [mahdi-younes-bank] [http-nio-8080-exec-10] horizationManagerBeforeMethodInterceptor : Authorized method invocation ReflectiveMethodInvocation: public org.springframework.http.ResponseEntity com.mahdiyounes.bank.controller.DashboardController.getMesComptes(); target is of class [com.mahdiyounes.bank.controller.DashboardController]
2025-12-05T22:07:04.416+01:00 DEBUG 12332 --- [mahdi-younes-bank] [http-nio-8080-exec-9] o.s.security.web.FilterChainProxy        : Securing GET /api/dashboard/mes-comptes
2025-12-05T22:07:04.419+01:00 DEBUG 12332 --- [mahdi-younes-bank] [http-nio-8080-exec-1] o.s.security.web.FilterChainProxy        : Securing OPTIONS /api/dashboard
2025-12-05T22:07:04.424+01:00 DEBUG 12332 --- [mahdi-younes-bank] [http-nio-8080-exec-5] o.s.security.web.FilterChainProxy        : Securing GET /api/dashboard
2025-12-05T22:07:04.429+01:00 DEBUG 12332 --- [mahdi-younes-bank] [http-nio-8080-exec-9] o.s.security.web.FilterChainProxy        : Secured GET /api/dashboard/mes-comptes
2025-12-05T22:07:04.431+01:00 DEBUG 12332 --- [mahdi-younes-bank] [http-nio-8080-exec-9] horizationManagerBeforeMethodInterceptor : Authorizing method invocation ReflectiveMethodInvocation: public org.springframework.http.ResponseEntity com.mahdiyounes.bank.controller.DashboardController.getMesComptes(); target is of class [com.mahdiyounes.bank.controller.DashboardController]
2025-12-05T22:07:04.431+01:00 DEBUG 12332 --- [mahdi-younes-bank] [http-nio-8080-exec-9] horizationManagerBeforeMethodInterceptor : Authorized method invocation ReflectiveMethodInvocation: public org.springframework.http.ResponseEntity com.mahdiyounes.bank.controller.DashboardController.getMesComptes(); target is of class [com.mahdiyounes.bank.controller.DashboardController]
2025-12-05T22:07:04.442+01:00 DEBUG 12332 --- [mahdi-younes-bank] [http-nio-8080-exec-5] o.s.security.web.FilterChainProxy        : Secured GET /api/dashboard
2025-12-05T22:07:04.444+01:00 DEBUG 12332 --- [mahdi-younes-bank] [http-nio-8080-exec-5] horizationManagerBeforeMethodInterceptor : Authorizing method invocation ReflectiveMethodInvocation: public org.springframework.http.ResponseEntity com.mahdiyounes.bank.controller.DashboardController.getDashboardDefault(); target is of class [com.mahdiyounes.bank.controller.DashboardController]
2025-12-05T22:07:04.444+01:00 DEBUG 12332 --- [mahdi-younes-bank] [http-nio-8080-exec-5] horizationManagerBeforeMethodInterceptor : Authorized method invocation ReflectiveMethodInvocation: public org.springframework.http.ResponseEntity com.mahdiyounes.bank.controller.DashboardController.getDashboardDefault(); target is of class [com.mahdiyounes.bank.controller.DashboardController]
2025-12-05T22:07:04.478+01:00 DEBUG 12332 --- [mahdi-younes-bank] [http-nio-8080-exec-3] o.s.security.web.FilterChainProxy        : Securing GET /api/dashboard
2025-12-05T22:07:04.486+01:00 DEBUG 12332 --- [mahdi-younes-bank] [http-nio-8080-exec-3] o.s.security.web.FilterChainProxy        : Secured GET /api/dashboard
2025-12-05T22:07:04.487+01:00 DEBUG 12332 --- [mahdi-younes-bank] [http-nio-8080-exec-3] horizationManagerBeforeMethodInterceptor : Authorizing method invocation ReflectiveMethodInvocation: public org.springframework.http.ResponseEntity com.mahdiyounes.bank.controller.DashboardController.getDashboardDefault(); target is of class [com.mahdiyounes.bank.controller.DashboardController]
2025-12-05T22:07:04.487+01:00 DEBUG 12332 --- [mahdi-younes-bank] [http-nio-8080-exec-3] horizationManagerBeforeMethodInterceptor : Authorized method invocation ReflectiveMethodInvocation: public org.springframework.http.ResponseEntity com.mahdiyounes.bank.controller.DashboardController.getDashboardDefault(); target is of class [com.mahdiyounes.bank.controller.DashboardController]
2025-12-05T22:07:04.495+01:00 DEBUG 12332 --- [mahdi-younes-bank] [http-nio-8080-exec-2] o.s.security.web.FilterChainProxy        : Securing OPTIONS /api/dashboard/001230001234567890123456
2025-12-05T22:07:04.500+01:00 DEBUG 12332 --- [mahdi-younes-bank] [http-nio-8080-exec-4] o.s.security.web.FilterChainProxy        : Securing GET /api/dashboard/001230001234567890123456
2025-12-05T22:07:04.514+01:00 DEBUG 12332 --- [mahdi-younes-bank] [http-nio-8080-exec-4] o.s.security.web.FilterChainProxy        : Secured GET /api/dashboard/001230001234567890123456
2025-12-05T22:07:04.515+01:00 DEBUG 12332 --- [mahdi-younes-bank] [http-nio-8080-exec-4] horizationManagerBeforeMethodInterceptor : Authorizing method invocation ReflectiveMethodInvocation: public org.springframework.http.ResponseEntity com.mahdiyounes.bank.controller.DashboardController.getDashboard(java.lang.String); target is of class [com.mahdiyounes.bank.controller.DashboardController]
2025-12-05T22:07:04.515+01:00 DEBUG 12332 --- [mahdi-younes-bank] [http-nio-8080-exec-4] horizationManagerBeforeMethodInterceptor : Authorized method invocation ReflectiveMethodInvocation: public org.springframework.http.ResponseEntity com.mahdiyounes.bank.controller.DashboardController.getDashboard(java.lang.String); target is of class [com.mahdiyounes.bank.controller.DashboardController]
2025-12-05T22:07:16.837+01:00 DEBUG 12332 --- [mahdi-younes-bank] [http-nio-8080-exec-6] o.s.security.web.FilterChainProxy        : Securing OPTIONS /api/dashboard/011450123456789012345678
2025-12-05T22:07:16.840+01:00 DEBUG 12332 --- [mahdi-younes-bank] [http-nio-8080-exec-8] o.s.security.web.FilterChainProxy        : Securing GET /api/dashboard/011450123456789012345678
2025-12-05T22:07:16.852+01:00 DEBUG 12332 --- [mahdi-younes-bank] [http-nio-8080-exec-8] o.s.security.web.FilterChainProxy        : Secured GET /api/dashboard/011450123456789012345678
2025-12-05T22:07:16.853+01:00 DEBUG 12332 --- [mahdi-younes-bank] [http-nio-8080-exec-8] horizationManagerBeforeMethodInterceptor : Authorizing method invocation ReflectiveMethodInvocation: public org.springframework.http.ResponseEntity com.mahdiyounes.bank.controller.DashboardController.getDashboard(java.lang.String); target is of class [com.mahdiyounes.bank.controller.DashboardController]
2025-12-05T22:07:16.853+01:00 DEBUG 12332 --- [mahdi-younes-bank] [http-nio-8080-exec-8] horizationManagerBeforeMethodInterceptor : Authorized method invocation ReflectiveMethodInvocation: public org.springframework.http.ResponseEntity com.mahdiyounes.bank.controller.DashboardController.getDashboard(java.lang.String); target is of class [com.mahdiyounes.bank.controller.DashboardController]
2025-12-05T22:07:19.715+01:00 DEBUG 12332 --- [mahdi-younes-bank] [http-nio-8080-exec-7] o.s.security.web.FilterChainProxy        : Securing OPTIONS /api/dashboard/001230001234567890123456
2025-12-05T22:07:19.720+01:00 DEBUG 12332 --- [mahdi-younes-bank] [http-nio-8080-exec-10] o.s.security.web.FilterChainProxy        : Securing GET /api/dashboard/001230001234567890123456
2025-12-05T22:07:19.732+01:00 DEBUG 12332 --- [mahdi-younes-bank] [http-nio-8080-exec-10] o.s.security.web.FilterChainProxy        : Secured GET /api/dashboard/001230001234567890123456
2025-12-05T22:07:19.732+01:00 DEBUG 12332 --- [mahdi-younes-bank] [http-nio-8080-exec-10] horizationManagerBeforeMethodInterceptor : Authorizing method invocation ReflectiveMethodInvocation: public org.springframework.http.ResponseEntity com.mahdiyounes.bank.controller.DashboardController.getDashboard(java.lang.String); target is of class [com.mahdiyounes.bank.controller.DashboardController]
2025-12-05T22:07:19.732+01:00 DEBUG 12332 --- [mahdi-younes-bank] [http-nio-8080-exec-10] horizationManagerBeforeMethodInterceptor : Authorized method invocation ReflectiveMethodInvocation: public org.springframework.http.ResponseEntity com.mahdiyounes.bank.controller.DashboardController.getDashboard(java.lang.String); target is of class [com.mahdiyounes.bank.controller.DashboardController]
2025-12-05T22:07:44.403+01:00 DEBUG 12332 --- [mahdi-younes-bank] [http-nio-8080-exec-9] o.s.security.web.FilterChainProxy        : Securing OPTIONS /api/dashboard/mes-comptes
2025-12-05T22:07:44.403+01:00 DEBUG 12332 --- [mahdi-younes-bank] [http-nio-8080-exec-1] o.s.security.web.FilterChainProxy        : Securing OPTIONS /api/dashboard/mes-comptes
2025-12-05T22:07:44.410+01:00 DEBUG 12332 --- [mahdi-younes-bank] [http-nio-8080-exec-5] o.s.security.web.FilterChainProxy        : Securing GET /api/dashboard/mes-comptes
2025-12-05T22:07:44.419+01:00 DEBUG 12332 --- [mahdi-younes-bank] [http-nio-8080-exec-5] o.s.security.web.FilterChainProxy        : Secured GET /api/dashboard/mes-comptes
2025-12-05T22:07:44.419+01:00 DEBUG 12332 --- [mahdi-younes-bank] [http-nio-8080-exec-5] horizationManagerBeforeMethodInterceptor : Authorizing method invocation ReflectiveMethodInvocation: public org.springframework.http.ResponseEntity com.mahdiyounes.bank.controller.DashboardController.getMesComptes(); target is of class [com.mahdiyounes.bank.controller.DashboardController]
2025-12-05T22:07:44.419+01:00 DEBUG 12332 --- [mahdi-younes-bank] [http-nio-8080-exec-5] horizationManagerBeforeMethodInterceptor : Authorized method invocation ReflectiveMethodInvocation: public org.springframework.http.ResponseEntity com.mahdiyounes.bank.controller.DashboardController.getMesComptes(); target is of class [com.mahdiyounes.bank.controller.DashboardController]
2025-12-05T22:07:44.433+01:00 DEBUG 12332 --- [mahdi-younes-bank] [http-nio-8080-exec-2] o.s.security.web.FilterChainProxy        : Securing GET /api/dashboard/mes-comptes
2025-12-05T22:07:44.447+01:00 DEBUG 12332 --- [mahdi-younes-bank] [http-nio-8080-exec-2] o.s.security.web.FilterChainProxy        : Secured GET /api/dashboard/mes-comptes
2025-12-05T22:07:44.449+01:00 DEBUG 12332 --- [mahdi-younes-bank] [http-nio-8080-exec-2] horizationManagerBeforeMethodInterceptor : Authorizing method invocation ReflectiveMethodInvocation: public org.springframework.http.ResponseEntity com.mahdiyounes.bank.controller.DashboardController.getMesComptes(); target is of class [com.mahdiyounes.bank.controller.DashboardController]
2025-12-05T22:07:44.449+01:00 DEBUG 12332 --- [mahdi-younes-bank] [http-nio-8080-exec-2] horizationManagerBeforeMethodInterceptor : Authorized method invocation ReflectiveMethodInvocation: public org.springframework.http.ResponseEntity com.mahdiyounes.bank.controller.DashboardController.getMesComptes(); target is of class [com.mahdiyounes.bank.controller.DashboardController]
2025-12-05T22:09:01.967+01:00 DEBUG 12332 --- [mahdi-younes-bank] [http-nio-8080-exec-6] o.s.security.web.FilterChainProxy        : Securing OPTIONS /api/dashboard/mes-comptes
2025-12-05T22:09:01.968+01:00 DEBUG 12332 --- [mahdi-younes-bank] [http-nio-8080-exec-8] o.s.security.web.FilterChainProxy        : Securing OPTIONS /api/dashboard/mes-comptes
2025-12-05T22:09:01.971+01:00 DEBUG 12332 --- [mahdi-younes-bank] [http-nio-8080-exec-7] o.s.security.web.FilterChainProxy        : Securing GET /api/dashboard/mes-comptes
2025-12-05T22:09:01.981+01:00 DEBUG 12332 --- [mahdi-younes-bank] [http-nio-8080-exec-7] o.s.security.web.FilterChainProxy        : Secured GET /api/dashboard/mes-comptes
2025-12-05T22:09:01.981+01:00 DEBUG 12332 --- [mahdi-younes-bank] [http-nio-8080-exec-7] horizationManagerBeforeMethodInterceptor : Authorizing method invocation ReflectiveMethodInvocation: public org.springframework.http.ResponseEntity com.mahdiyounes.bank.controller.DashboardController.getMesComptes(); target is of class [com.mahdiyounes.bank.controller.DashboardController]
2025-12-05T22:09:01.982+01:00 DEBUG 12332 --- [mahdi-younes-bank] [http-nio-8080-exec-7] horizationManagerBeforeMethodInterceptor : Authorized method invocation ReflectiveMethodInvocation: public org.springframework.http.ResponseEntity com.mahdiyounes.bank.controller.DashboardController.getMesComptes(); target is of class [com.mahdiyounes.bank.controller.DashboardController]
2025-12-05T22:09:01.991+01:00 DEBUG 12332 --- [mahdi-younes-bank] [http-nio-8080-exec-10] o.s.security.web.FilterChainProxy        : Securing GET /api/dashboard/mes-comptes
2025-12-05T22:09:02.001+01:00 DEBUG 12332 --- [mahdi-younes-bank] [http-nio-8080-exec-9] o.s.security.web.FilterChainProxy        : Securing OPTIONS /api/dashboard
2025-12-05T22:09:02.010+01:00 DEBUG 12332 --- [mahdi-younes-bank] [http-nio-8080-exec-10] o.s.security.web.FilterChainProxy        : Secured GET /api/dashboard/mes-comptes
2025-12-05T22:09:02.011+01:00 DEBUG 12332 --- [mahdi-younes-bank] [http-nio-8080-exec-10] horizationManagerBeforeMethodInterceptor : Authorizing method invocation ReflectiveMethodInvocation: public org.springframework.http.ResponseEntity com.mahdiyounes.bank.controller.DashboardController.getMesComptes(); target is of class [com.mahdiyounes.bank.controller.DashboardController]
2025-12-05T22:09:02.012+01:00 DEBUG 12332 --- [mahdi-younes-bank] [http-nio-8080-exec-10] horizationManagerBeforeMethodInterceptor : Authorized method invocation ReflectiveMethodInvocation: public org.springframework.http.ResponseEntity com.mahdiyounes.bank.controller.DashboardController.getMesComptes(); target is of class [com.mahdiyounes.bank.controller.DashboardController]
2025-12-05T22:09:02.041+01:00 DEBUG 12332 --- [mahdi-younes-bank] [http-nio-8080-exec-1] o.s.security.web.FilterChainProxy        : Securing GET /api/dashboard
2025-12-05T22:09:02.052+01:00 DEBUG 12332 --- [mahdi-younes-bank] [http-nio-8080-exec-1] o.s.security.web.FilterChainProxy        : Secured GET /api/dashboard
2025-12-05T22:09:02.053+01:00 DEBUG 12332 --- [mahdi-younes-bank] [http-nio-8080-exec-1] horizationManagerBeforeMethodInterceptor : Authorizing method invocation ReflectiveMethodInvocation: public org.springframework.http.ResponseEntity com.mahdiyounes.bank.controller.DashboardController.getDashboardDefault(); target is of class [com.mahdiyounes.bank.controller.DashboardController]
2025-12-05T22:09:02.053+01:00 DEBUG 12332 --- [mahdi-younes-bank] [http-nio-8080-exec-1] horizationManagerBeforeMethodInterceptor : Authorized method invocation ReflectiveMethodInvocation: public org.springframework.http.ResponseEntity com.mahdiyounes.bank.controller.DashboardController.getDashboardDefault(); target is of class [com.mahdiyounes.bank.controller.DashboardController]
2025-12-05T22:09:02.066+01:00 DEBUG 12332 --- [mahdi-younes-bank] [http-nio-8080-exec-5] o.s.security.web.FilterChainProxy        : Securing GET /api/dashboard
2025-12-05T22:09:02.087+01:00 DEBUG 12332 --- [mahdi-younes-bank] [http-nio-8080-exec-5] o.s.security.web.FilterChainProxy        : Secured GET /api/dashboard
2025-12-05T22:09:02.088+01:00 DEBUG 12332 --- [mahdi-younes-bank] [http-nio-8080-exec-5] horizationManagerBeforeMethodInterceptor : Authorizing method invocation ReflectiveMethodInvocation: public org.springframework.http.ResponseEntity com.mahdiyounes.bank.controller.DashboardController.getDashboardDefault(); target is of class [com.mahdiyounes.bank.controller.DashboardController]
2025-12-05T22:09:02.088+01:00 DEBUG 12332 --- [mahdi-younes-bank] [http-nio-8080-exec-5] horizationManagerBeforeMethodInterceptor : Authorized method invocation ReflectiveMethodInvocation: public org.springframework.http.ResponseEntity com.mahdiyounes.bank.controller.DashboardController.getDashboardDefault(); target is of class [com.mahdiyounes.bank.controller.DashboardController]
2025-12-05T22:09:02.094+01:00 DEBUG 12332 --- [mahdi-younes-bank] [http-nio-8080-exec-2] o.s.security.web.FilterChainProxy        : Securing OPTIONS /api/dashboard/001230001234567890123456
2025-12-05T22:09:02.099+01:00 DEBUG 12332 --- [mahdi-younes-bank] [http-nio-8080-exec-3] o.s.security.web.FilterChainProxy        : Securing GET /api/dashboard/001230001234567890123456
2025-12-05T22:09:02.112+01:00 DEBUG 12332 --- [mahdi-younes-bank] [http-nio-8080-exec-3] o.s.security.web.FilterChainProxy        : Secured GET /api/dashboard/001230001234567890123456
2025-12-05T22:09:02.115+01:00 DEBUG 12332 --- [mahdi-younes-bank] [http-nio-8080-exec-3] horizationManagerBeforeMethodInterceptor : Authorizing method invocation ReflectiveMethodInvocation: public org.springframework.http.ResponseEntity com.mahdiyounes.bank.controller.DashboardController.getDashboard(java.lang.String); target is of class [com.mahdiyounes.bank.controller.DashboardController]
2025-12-05T22:09:02.116+01:00 DEBUG 12332 --- [mahdi-younes-bank] [http-nio-8080-exec-3] horizationManagerBeforeMethodInterceptor : Authorized method invocation ReflectiveMethodInvocation: public org.springframework.http.ResponseEntity com.mahdiyounes.bank.controller.DashboardController.getDashboard(java.lang.String); target is of class [com.mahdiyounes.bank.controller.DashboardController]
2025-12-05T22:22:51.679+01:00  INFO 12332 --- [mahdi-younes-bank] [SpringApplicationShutdownHook] o.s.b.w.e.tomcat.GracefulShutdown        : Commencing graceful shutdown. Waiting for active requests to complete
2025-12-05T22:22:52.224+01:00  INFO 12332 --- [mahdi-younes-bank] [tomcat-shutdown] o.s.b.w.e.tomcat.GracefulShutdown        : Graceful shutdown complete
2025-12-05T22:22:52.230+01:00  INFO 12332 --- [mahdi-younes-bank] [SpringApplicationShutdownHook] j.LocalContainerEntityManagerFactoryBean : Closing JPA EntityManagerFactory for persistence unit 'default'
2025-12-05T22:22:52.233+01:00  INFO 12332 --- [mahdi-younes-bank] [SpringApplicationShutdownHook] com.zaxxer.hikari.HikariDataSource       : HikariPool-1 - Shutdown initiated...
2025-12-05T22:22:52.238+01:00  INFO 12332 --- [mahdi-younes-bank] [SpringApplicationShutdownHook] com.zaxxer.hikari.HikariDataSource       : HikariPool-1 - Shutdown completed.
